# JRE version: OpenJDK Runtime Environment (8.0_242-b01) (build 1.8.0_242-release-1644-b01)
# Java VM: OpenJDK 64-Bit Server VM (25.242-b01 mixed mode windows-amd64 compressed oops)
Heap:
 PSYoungGen      total 121856K, used 56408K [0x00000000d5580000, 0x00000000de380000, 0x0000000100000000)
  eden space 102400K, 36% used [0x00000000d5580000,0x00000000d799a1e0,0x00000000db980000)
  from space 19456K, 99% used [0x00000000db980000,0x00000000dcc7bfc0,0x00000000dcc80000)
  to   space 17408K, 0% used [0x00000000dcc80000,0x00000000dcc80000,0x00000000ddd80000)
 ParOldGen       total 98816K, used 34797K [0x0000000080000000, 0x0000000086080000, 0x00000000d5580000)
  object space 98816K, 35% used [0x0000000080000000,0x00000000821fb488,0x0000000086080000)
 Metaspace       used 78603K, capacity 82022K, committed 82200K, reserved 1120256K
  class space    used 10568K, capacity 11208K, committed 11312K, reserved 1048576K
GC Heap History (10 events):
Event: 51.745 GC heap before
{Heap before GC invocations=18 (full 3):
 PSYoungGen      total 95232K, used 14063K [0x00000000d5580000, 0x00000000dd480000, 0x0000000100000000)
  eden space 77824K, 0% used [0x00000000d5580000,0x00000000d5580000,0x00000000da180000)
  from space 17408K, 80% used [0x00000000da180000,0x00000000daf3bda8,0x00000000db280000)
  to   space 18432K, 0% used [0x00000000dc280000,0x00000000dc280000,0x00000000dd480000)
 ParOldGen       total 61952K, used 29328K [0x0000000080000000, 0x0000000083c80000, 0x00000000d5580000)
  object space 61952K, 47% used [0x0000000080000000,0x0000000081ca4030,0x0000000083c80000)
 Metaspace       used 57005K, capacity 59104K, committed 59160K, reserved 1099776K
  class space    used 7458K, capacity 7932K, committed 7984K, reserved 1048576K
Event: 52.795 GC heap after
Heap after GC invocations=18 (full 3):
 PSYoungGen      total 95232K, used 0K [0x00000000d5580000, 0x00000000dd480000, 0x0000000100000000)
  eden space 77824K, 0% used [0x00000000d5580000,0x00000000d5580000,0x00000000da180000)
  from space 17408K, 0% used [0x00000000da180000,0x00000000da180000,0x00000000db280000)
  to   space 18432K, 0% used [0x00000000dc280000,0x00000000dc280000,0x00000000dd480000)
 ParOldGen       total 98816K, used 31430K [0x0000000080000000, 0x0000000086080000, 0x00000000d5580000)
  object space 98816K, 31% used [0x0000000080000000,0x0000000081eb1948,0x0000000086080000)
 Metaspace       used 56955K, capacity 58988K, committed 59160K, reserved 1099776K
  class space    used 7445K, capacity 7918K, committed 7984K, reserved 1048576K
}
Event: 64.433 GC heap before
{Heap before GC invocations=19 (full 3):
 PSYoungGen      total 95232K, used 77824K [0x00000000d5580000, 0x00000000dd480000, 0x0000000100000000)
  eden space 77824K, 100% used [0x00000000d5580000,0x00000000da180000,0x00000000da180000)
  from space 17408K, 0% used [0x00000000da180000,0x00000000da180000,0x00000000db280000)
  to   space 18432K, 0% used [0x00000000dc280000,0x00000000dc280000,0x00000000dd480000)
 ParOldGen       total 98816K, used 31430K [0x0000000080000000, 0x0000000086080000, 0x00000000d5580000)
  object space 98816K, 31% used [0x0000000080000000,0x0000000081eb1948,0x0000000086080000)
 Metaspace       used 62478K, capacity 64666K, committed 64920K, reserved 1105920K
  class space    used 8336K, capacity 8826K, committed 8880K, reserved 1048576K
Event: 64.555 GC heap after
Heap after GC invocations=19 (full 3):
 PSYoungGen      total 106496K, used 8007K [0x00000000d5580000, 0x00000000dd180000, 0x0000000100000000)
  eden space 91136K, 0% used [0x00000000d5580000,0x00000000d5580000,0x00000000dae80000)
  from space 15360K, 52% used [0x00000000dc280000,0x00000000dca51cd8,0x00000000dd180000)
  to   space 17920K, 0% used [0x00000000dae80000,0x00000000dae80000,0x00000000dc000000)
 ParOldGen       total 98816K, used 31438K [0x0000000080000000, 0x0000000086080000, 0x00000000d5580000)
  object space 98816K, 31% used [0x0000000080000000,0x0000000081eb3948,0x0000000086080000)
 Metaspace       used 62478K, capacity 64666K, committed 64920K, reserved 1105920K
  class space    used 8336K, capacity 8826K, committed 8880K, reserved 1048576K
}
Event: 78.111 GC heap before
{Heap before GC invocations=20 (full 3):
 PSYoungGen      total 106496K, used 99143K [0x00000000d5580000, 0x00000000dd180000, 0x0000000100000000)
  eden space 91136K, 100% used [0x00000000d5580000,0x00000000dae80000,0x00000000dae80000)
  from space 15360K, 52% used [0x00000000dc280000,0x00000000dca51cd8,0x00000000dd180000)
  to   space 17920K, 0% used [0x00000000dae80000,0x00000000dae80000,0x00000000dc000000)
 ParOldGen       total 98816K, used 31438K [0x0000000080000000, 0x0000000086080000, 0x00000000d5580000)
  object space 98816K, 31% used [0x0000000080000000,0x0000000081eb3948,0x0000000086080000)
 Metaspace       used 66312K, capacity 68772K, committed 69144K, reserved 1110016K
  class space    used 8893K, capacity 9395K, committed 9520K, reserved 1048576K
Event: 78.576 GC heap after
Heap after GC invocations=20 (full 3):
 PSYoungGen      total 109056K, used 10590K [0x00000000d5580000, 0x00000000ddd80000, 0x0000000100000000)
  eden space 91136K, 0% used [0x00000000d5580000,0x00000000d5580000,0x00000000dae80000)
  from space 17920K, 59% used [0x00000000dae80000,0x00000000db8d7868,0x00000000dc000000)
  to   space 17408K, 0% used [0x00000000dcc80000,0x00000000dcc80000,0x00000000ddd80000)
 ParOldGen       total 98816K, used 31446K [0x0000000080000000, 0x0000000086080000, 0x00000000d5580000)
  object space 98816K, 31% used [0x0000000080000000,0x0000000081eb5948,0x0000000086080000)
 Metaspace       used 66312K, capacity 68772K, committed 69144K, reserved 1110016K
  class space    used 8893K, capacity 9395K, committed 9520K, reserved 1048576K
}
Event: 94.700 GC heap before
{Heap before GC invocations=21 (full 3):
 PSYoungGen      total 109056K, used 101726K [0x00000000d5580000, 0x00000000ddd80000, 0x0000000100000000)
  eden space 91136K, 100% used [0x00000000d5580000,0x00000000dae80000,0x00000000dae80000)
  from space 17920K, 59% used [0x00000000dae80000,0x00000000db8d7868,0x00000000dc000000)
  to   space 17408K, 0% used [0x00000000dcc80000,0x00000000dcc80000,0x00000000ddd80000)
 ParOldGen       total 98816K, used 31446K [0x0000000080000000, 0x0000000086080000, 0x00000000d5580000)
  object space 98816K, 31% used [0x0000000080000000,0x0000000081eb5948,0x0000000086080000)
 Metaspace       used 71369K, capacity 74342K, committed 74520K, reserved 1114112K
  class space    used 9658K, capacity 10232K, committed 10288K, reserved 1048576K
Event: 95.295 GC heap after
Heap after GC invocations=21 (full 3):
 PSYoungGen      total 119808K, used 16691K [0x00000000d5580000, 0x00000000de380000, 0x0000000100000000)
  eden space 102400K, 0% used [0x00000000d5580000,0x00000000d5580000,0x00000000db980000)
  from space 17408K, 95% used [0x00000000dcc80000,0x00000000ddccceb0,0x00000000ddd80000)
  to   space 19456K, 0% used [0x00000000db980000,0x00000000db980000,0x00000000dcc80000)
 ParOldGen       total 98816K, used 31454K [0x0000000080000000, 0x0000000086080000, 0x00000000d5580000)
  object space 98816K, 31% used [0x0000000080000000,0x0000000081eb7948,0x0000000086080000)
 Metaspace       used 71369K, capacity 74342K, committed 74520K, reserved 1114112K
  class space    used 9658K, capacity 10232K, committed 10288K, reserved 1048576K
}
Event: 109.714 GC heap before
{Heap before GC invocations=22 (full 3):
 PSYoungGen      total 119808K, used 119091K [0x00000000d5580000, 0x00000000de380000, 0x0000000100000000)
  eden space 102400K, 100% used [0x00000000d5580000,0x00000000db980000,0x00000000db980000)
  from space 17408K, 95% used [0x00000000dcc80000,0x00000000ddccceb0,0x00000000ddd80000)
  to   space 19456K, 0% used [0x00000000db980000,0x00000000db980000,0x00000000dcc80000)
 ParOldGen       total 98816K, used 31454K [0x0000000080000000, 0x0000000086080000, 0x00000000d5580000)
  object space 98816K, 31% used [0x0000000080000000,0x0000000081eb7948,0x0000000086080000)
 Metaspace       used 76667K, capacity 80020K, committed 80152K, reserved 1118208K
  class space    used 10307K, capacity 10933K, committed 11056K, reserved 1048576K
Event: 110.325 GC heap after
Heap after GC invocations=22 (full 3):
 PSYoungGen      total 121856K, used 19439K [0x00000000d5580000, 0x00000000de380000, 0x0000000100000000)
  eden space 102400K, 0% used [0x00000000d5580000,0x00000000d5580000,0x00000000db980000)
  from space 19456K, 99% used [0x00000000db980000,0x00000000dcc7bfc0,0x00000000dcc80000)
  to   space 17408K, 0% used [0x00000000dcc80000,0x00000000dcc80000,0x00000000ddd80000)
 ParOldGen       total 98816K, used 34797K [0x0000000080000000, 0x0000000086080000, 0x00000000d5580000)
  object space 98816K, 35% used [0x0000000080000000,0x00000000821fb488,0x0000000086080000)
 Metaspace       used 76667K, capacity 80020K, committed 80152K, reserved 1118208K
  class space    used 10307K, capacity 10933K, committed 11056K, reserved 1048576K
}

