# JRE version: OpenJDK Runtime Environment (8.0_242-b01) (build 1.8.0_242-release-1644-b01)
# Java VM: OpenJDK 64-Bit Server VM (25.242-b01 mixed mode windows-amd64 compressed oops)
Heap:
 PSYoungGen      total 340992K, used 320175K [0x00000000d5580000, 0x00000000ee200000, 0x0000000100000000)
  eden space 300544K, 99% used [0x00000000d5580000,0x00000000e7a018a0,0x00000000e7b00000)
  from space 40448K, 51% used [0x00000000e7b00000,0x00000000e8f2a6b8,0x00000000ea280000)
  to   space 39424K, 10% used [0x00000000ebb80000,0x00000000ebf64040,0x00000000ee200000)
 ParOldGen       total 169472K, used 92614K [0x0000000080000000, 0x000000008a580000, 0x00000000d5580000)
  object space 169472K, 54% used [0x0000000080000000,0x0000000085a71988,0x000000008a580000)
 Metaspace       used 97302K, capacity 102148K, committed 102360K, reserved 1138688K
  class space    used 12842K, capacity 13733K, committed 13824K, reserved 1048576K
GC Heap History (10 events):
Event: 105.461 GC heap after
Heap after GC invocations=17 (full 3):
 PSYoungGen      total 281600K, used 22014K [0x00000000d5580000, 0x00000000eba80000, 0x0000000100000000)
  eden space 259584K, 0% used [0x00000000d5580000,0x00000000d5580000,0x00000000e5300000)
  from space 22016K, 99% used [0x00000000e7d00000,0x00000000e927f9e8,0x00000000e9280000)
  to   space 43008K, 0% used [0x00000000e5300000,0x00000000e5300000,0x00000000e7d00000)
 ParOldGen       total 84480K, used 84473K [0x0000000080000000, 0x0000000085280000, 0x00000000d5580000)
  object space 84480K, 99% used [0x0000000080000000,0x000000008527e490,0x0000000085280000)
 Metaspace       used 78999K, capacity 83052K, committed 83160K, reserved 1120256K
  class space    used 10970K, capacity 11735K, committed 11776K, reserved 1048576K
}
Event: 105.462 GC heap before
{Heap before GC invocations=18 (full 4):
 PSYoungGen      total 281600K, used 22014K [0x00000000d5580000, 0x00000000eba80000, 0x0000000100000000)
  eden space 259584K, 0% used [0x00000000d5580000,0x00000000d5580000,0x00000000e5300000)
  from space 22016K, 99% used [0x00000000e7d00000,0x00000000e927f9e8,0x00000000e9280000)
  to   space 43008K, 0% used [0x00000000e5300000,0x00000000e5300000,0x00000000e7d00000)
 ParOldGen       total 84480K, used 84473K [0x0000000080000000, 0x0000000085280000, 0x00000000d5580000)
  object space 84480K, 99% used [0x0000000080000000,0x000000008527e490,0x0000000085280000)
 Metaspace       used 78999K, capacity 83052K, committed 83160K, reserved 1120256K
  class space    used 10970K, capacity 11735K, committed 11776K, reserved 1048576K
Event: 114.612 GC heap after
Heap after GC invocations=18 (full 4):
 PSYoungGen      total 281600K, used 13293K [0x00000000d5580000, 0x00000000eba80000, 0x0000000100000000)
  eden space 259584K, 0% used [0x00000000d5580000,0x00000000d5580000,0x00000000e5300000)
  from space 22016K, 60% used [0x00000000e7d00000,0x00000000e89fb710,0x00000000e9280000)
  to   space 43008K, 0% used [0x00000000e5300000,0x00000000e5300000,0x00000000e7d00000)
 ParOldGen       total 169472K, used 84061K [0x0000000080000000, 0x000000008a580000, 0x00000000d5580000)
  object space 169472K, 49% used [0x0000000080000000,0x0000000085217488,0x000000008a580000)
 Metaspace       used 78807K, capacity 82524K, committed 83160K, reserved 1120256K
  class space    used 10907K, capacity 11623K, committed 11776K, reserved 1048576K
}
Event: 235.168 GC heap before
{Heap before GC invocations=19 (full 4):
 PSYoungGen      total 281600K, used 272877K [0x00000000d5580000, 0x00000000eba80000, 0x0000000100000000)
  eden space 259584K, 100% used [0x00000000d5580000,0x00000000e5300000,0x00000000e5300000)
  from space 22016K, 60% used [0x00000000e7d00000,0x00000000e89fb710,0x00000000e9280000)
  to   space 43008K, 0% used [0x00000000e5300000,0x00000000e5300000,0x00000000e7d00000)
 ParOldGen       total 169472K, used 84061K [0x0000000080000000, 0x000000008a580000, 0x00000000d5580000)
  object space 169472K, 49% used [0x0000000080000000,0x0000000085217488,0x000000008a580000)
 Metaspace       used 87000K, capacity 91080K, committed 91224K, reserved 1128448K
  class space    used 11767K, capacity 12553K, committed 12672K, reserved 1048576K
Event: 237.218 GC heap after
Heap after GC invocations=19 (full 4):
 PSYoungGen      total 302592K, used 21850K [0x00000000d5580000, 0x00000000ecd00000, 0x0000000100000000)
  eden space 259584K, 0% used [0x00000000d5580000,0x00000000d5580000,0x00000000e5300000)
  from space 43008K, 50% used [0x00000000e5300000,0x00000000e6856860,0x00000000e7d00000)
  to   space 43008K, 0% used [0x00000000ea300000,0x00000000ea300000,0x00000000ecd00000)
 ParOldGen       total 169472K, used 92598K [0x0000000080000000, 0x000000008a580000, 0x00000000d5580000)
  object space 169472K, 54% used [0x0000000080000000,0x0000000085a6d988,0x000000008a580000)
 Metaspace       used 87000K, capacity 91080K, committed 91224K, reserved 1128448K
  class space    used 11767K, capacity 12553K, committed 12672K, reserved 1048576K
}
Event: 257.247 GC heap before
{Heap before GC invocations=20 (full 4):
 PSYoungGen      total 302592K, used 281434K [0x00000000d5580000, 0x00000000ecd00000, 0x0000000100000000)
  eden space 259584K, 100% used [0x00000000d5580000,0x00000000e5300000,0x00000000e5300000)
  from space 43008K, 50% used [0x00000000e5300000,0x00000000e6856860,0x00000000e7d00000)
  to   space 43008K, 0% used [0x00000000ea300000,0x00000000ea300000,0x00000000ecd00000)
 ParOldGen       total 169472K, used 92598K [0x0000000080000000, 0x000000008a580000, 0x00000000d5580000)
  object space 169472K, 54% used [0x0000000080000000,0x0000000085a6d988,0x000000008a580000)
 Metaspace       used 87542K, capacity 91726K, committed 91992K, reserved 1128448K
  class space    used 11782K, capacity 12574K, committed 12672K, reserved 1048576K
Event: 257.651 GC heap after
Heap after GC invocations=20 (full 4):
 PSYoungGen      total 340480K, used 16509K [0x00000000d5580000, 0x00000000eca00000, 0x0000000100000000)
  eden space 300544K, 0% used [0x00000000d5580000,0x00000000d5580000,0x00000000e7b00000)
  from space 39936K, 41% used [0x00000000ea300000,0x00000000eb31f608,0x00000000eca00000)
  to   space 40448K, 0% used [0x00000000e7b00000,0x00000000e7b00000,0x00000000ea280000)
 ParOldGen       total 169472K, used 92606K [0x0000000080000000, 0x000000008a580000, 0x00000000d5580000)
  object space 169472K, 54% used [0x0000000080000000,0x0000000085a6f988,0x000000008a580000)
 Metaspace       used 87542K, capacity 91726K, committed 91992K, reserved 1128448K
  class space    used 11782K, capacity 12574K, committed 12672K, reserved 1048576K
}
Event: 655.786 GC heap before
{Heap before GC invocations=21 (full 4):
 PSYoungGen      total 340480K, used 317053K [0x00000000d5580000, 0x00000000eca00000, 0x0000000100000000)
  eden space 300544K, 100% used [0x00000000d5580000,0x00000000e7b00000,0x00000000e7b00000)
  from space 39936K, 41% used [0x00000000ea300000,0x00000000eb31f608,0x00000000eca00000)
  to   space 40448K, 0% used [0x00000000e7b00000,0x00000000e7b00000,0x00000000ea280000)
 ParOldGen       total 169472K, used 92606K [0x0000000080000000, 0x000000008a580000, 0x00000000d5580000)
  object space 169472K, 54% used [0x0000000080000000,0x0000000085a6f988,0x000000008a580000)
 Metaspace       used 91297K, capacity 95932K, committed 96216K, reserved 1132544K
  class space    used 12160K, capacity 12989K, committed 13056K, reserved 1048576K
Event: 656.879 GC heap after
Heap after GC invocations=21 (full 4):
 PSYoungGen      total 340992K, used 20649K [0x00000000d5580000, 0x00000000ee200000, 0x0000000100000000)
  eden space 300544K, 0% used [0x00000000d5580000,0x00000000d5580000,0x00000000e7b00000)
  from space 40448K, 51% used [0x00000000e7b00000,0x00000000e8f2a6b8,0x00000000ea280000)
  to   space 39424K, 0% used [0x00000000ebb80000,0x00000000ebb80000,0x00000000ee200000)
 ParOldGen       total 169472K, used 92614K [0x0000000080000000, 0x000000008a580000, 0x00000000d5580000)
  object space 169472K, 54% used [0x0000000080000000,0x0000000085a71988,0x000000008a580000)
 Metaspace       used 91297K, capacity 95932K, committed 96216K, reserved 1132544K
  class space    used 12160K, capacity 12989K, committed 13056K, reserved 1048576K
}
Event: 752.864 GC heap before
{Heap before GC invocations=22 (full 4):
 PSYoungGen      total 340992K, used 320175K [0x00000000d5580000, 0x00000000ee200000, 0x0000000100000000)
  eden space 300544K, 99% used [0x00000000d5580000,0x00000000e7a018a0,0x00000000e7b00000)
  from space 40448K, 51% used [0x00000000e7b00000,0x00000000e8f2a6b8,0x00000000ea280000)
  to   space 39424K, 0% used [0x00000000ebb80000,0x00000000ebb80000,0x00000000ee200000)
 ParOldGen       total 169472K, used 92614K [0x0000000080000000, 0x000000008a580000, 0x00000000d5580000)
  object space 169472K, 54% used [0x0000000080000000,0x0000000085a71988,0x000000008a580000)
 Metaspace       used 97302K, capacity 102148K, committed 102360K, reserved 1138688K
  class space    used 12842K, capacity 13733K, committed 13824K, reserved 1048576K

