# JRE version: OpenJDK Runtime Environment (8.0_242-b01) (build 1.8.0_242-release-1644-b01)
# Java VM: OpenJDK 64-Bit Server VM (25.242-b01 mixed mode windows-amd64 compressed oops)
Heap:
 PSYoungGen      total 73216K, used 31223K [0x00000000eb600000, 0x00000000f0a80000, 0x0000000100000000)
  eden space 59904K, 52% used [0x00000000eb600000,0x00000000ed47dee8,0x00000000ef080000)
  from space 13312K, 0% used [0x00000000efd80000,0x00000000efd80000,0x00000000f0a80000)
  to   space 9216K, 0% used [0x00000000ef180000,0x00000000ef180000,0x00000000efa80000)
 ParOldGen       total 46080K, used 17208K [0x00000000c2200000, 0x00000000c4f00000, 0x00000000eb600000)
  object space 46080K, 37% used [0x00000000c2200000,0x00000000c32ce1a8,0x00000000c4f00000)
 Metaspace       used 37254K, capacity 37882K, committed 38192K, reserved 1083392K
  class space    used 4738K, capacity 4886K, committed 4912K, reserved 1048576K
GC Heap History (10 events):
Event: 3.320 GC heap before
{Heap before GC invocations=6 (full 1):
 PSYoungGen      total 34304K, used 2553K [0x00000000eb600000, 0x00000000f0500000, 0x0000000100000000)
  eden space 31744K, 0% used [0x00000000eb600000,0x00000000eb600000,0x00000000ed500000)
  from space 2560K, 99% used [0x00000000ed500000,0x00000000ed77e640,0x00000000ed780000)
  to   space 8704K, 0% used [0x00000000efc80000,0x00000000efc80000,0x00000000f0500000)
 ParOldGen       total 42496K, used 16242K [0x00000000c2200000, 0x00000000c4b80000, 0x00000000eb600000)
  object space 42496K, 38% used [0x00000000c2200000,0x00000000c31dc880,0x00000000c4b80000)
 Metaspace       used 20864K, capacity 21240K, committed 21296K, reserved 1069056K
  class space    used 2447K, capacity 2590K, committed 2608K, reserved 1048576K
Event: 3.419 GC heap after
Heap after GC invocations=6 (full 1):
 PSYoungGen      total 34304K, used 0K [0x00000000eb600000, 0x00000000f0500000, 0x0000000100000000)
  eden space 31744K, 0% used [0x00000000eb600000,0x00000000eb600000,0x00000000ed500000)
  from space 2560K, 0% used [0x00000000ed500000,0x00000000ed500000,0x00000000ed780000)
  to   space 8704K, 0% used [0x00000000efc80000,0x00000000efc80000,0x00000000f0500000)
 ParOldGen       total 46080K, used 12946K [0x00000000c2200000, 0x00000000c4f00000, 0x00000000eb600000)
  object space 46080K, 28% used [0x00000000c2200000,0x00000000c2ea49a8,0x00000000c4f00000)
 Metaspace       used 20864K, capacity 21240K, committed 21296K, reserved 1069056K
  class space    used 2447K, capacity 2590K, committed 2608K, reserved 1048576K
}
Event: 5.056 GC heap before
{Heap before GC invocations=7 (full 1):
 PSYoungGen      total 34304K, used 31744K [0x00000000eb600000, 0x00000000f0500000, 0x0000000100000000)
  eden space 31744K, 100% used [0x00000000eb600000,0x00000000ed500000,0x00000000ed500000)
  from space 2560K, 0% used [0x00000000ed500000,0x00000000ed500000,0x00000000ed780000)
  to   space 8704K, 0% used [0x00000000efc80000,0x00000000efc80000,0x00000000f0500000)
 ParOldGen       total 46080K, used 12946K [0x00000000c2200000, 0x00000000c4f00000, 0x00000000eb600000)
  object space 46080K, 28% used [0x00000000c2200000,0x00000000c2ea49a8,0x00000000c4f00000)
 Metaspace       used 24861K, capacity 25362K, committed 25776K, reserved 1071104K
  class space    used 2968K, capacity 3125K, committed 3248K, reserved 1048576K
Event: 5.082 GC heap after
Heap after GC invocations=7 (full 1):
 PSYoungGen      total 50176K, used 7138K [0x00000000eb600000, 0x00000000f0380000, 0x0000000100000000)
  eden space 43008K, 0% used [0x00000000eb600000,0x00000000eb600000,0x00000000ee000000)
  from space 7168K, 99% used [0x00000000efc80000,0x00000000f0378a08,0x00000000f0380000)
  to   space 9216K, 0% used [0x00000000ef180000,0x00000000ef180000,0x00000000efa80000)
 ParOldGen       total 46080K, used 12954K [0x00000000c2200000, 0x00000000c4f00000, 0x00000000eb600000)
  object space 46080K, 28% used [0x00000000c2200000,0x00000000c2ea69a8,0x00000000c4f00000)
 Metaspace       used 24861K, capacity 25362K, committed 25776K, reserved 1071104K
  class space    used 2968K, capacity 3125K, committed 3248K, reserved 1048576K
}
Event: 6.412 GC heap before
{Heap before GC invocations=8 (full 1):
 PSYoungGen      total 50176K, used 50146K [0x00000000eb600000, 0x00000000f0380000, 0x0000000100000000)
  eden space 43008K, 100% used [0x00000000eb600000,0x00000000ee000000,0x00000000ee000000)
  from space 7168K, 99% used [0x00000000efc80000,0x00000000f0378a08,0x00000000f0380000)
  to   space 9216K, 0% used [0x00000000ef180000,0x00000000ef180000,0x00000000efa80000)
 ParOldGen       total 46080K, used 12954K [0x00000000c2200000, 0x00000000c4f00000, 0x00000000eb600000)
  object space 46080K, 28% used [0x00000000c2200000,0x00000000c2ea69a8,0x00000000c4f00000)
 Metaspace       used 31629K, capacity 32219K, committed 32432K, reserved 1077248K
  class space    used 4024K, capacity 4187K, committed 4272K, reserved 1048576K
Event: 6.446 GC heap after
Heap after GC invocations=8 (full 1):
 PSYoungGen      total 69120K, used 9208K [0x00000000eb600000, 0x00000000f0a80000, 0x0000000100000000)
  eden space 59904K, 0% used [0x00000000eb600000,0x00000000eb600000,0x00000000ef080000)
  from space 9216K, 99% used [0x00000000ef180000,0x00000000efa7e048,0x00000000efa80000)
  to   space 13312K, 0% used [0x00000000efd80000,0x00000000efd80000,0x00000000f0a80000)
 ParOldGen       total 46080K, used 18979K [0x00000000c2200000, 0x00000000c4f00000, 0x00000000eb600000)
  object space 46080K, 41% used [0x00000000c2200000,0x00000000c3488ee0,0x00000000c4f00000)
 Metaspace       used 31629K, capacity 32219K, committed 32432K, reserved 1077248K
  class space    used 4024K, capacity 4187K, committed 4272K, reserved 1048576K
}
Event: 7.258 GC heap before
{Heap before GC invocations=9 (full 1):
 PSYoungGen      total 69120K, used 23470K [0x00000000eb600000, 0x00000000f0a80000, 0x0000000100000000)
  eden space 59904K, 23% used [0x00000000eb600000,0x00000000ec3ed848,0x00000000ef080000)
  from space 9216K, 99% used [0x00000000ef180000,0x00000000efa7e048,0x00000000efa80000)
  to   space 13312K, 0% used [0x00000000efd80000,0x00000000efd80000,0x00000000f0a80000)
 ParOldGen       total 46080K, used 18979K [0x00000000c2200000, 0x00000000c4f00000, 0x00000000eb600000)
  object space 46080K, 41% used [0x00000000c2200000,0x00000000c3488ee0,0x00000000c4f00000)
 Metaspace       used 34678K, capacity 35205K, committed 35496K, reserved 1081344K
  class space    used 4439K, capacity 4580K, committed 4656K, reserved 1048576K
Event: 7.275 GC heap after
Heap after GC invocations=9 (full 1):
 PSYoungGen      total 73216K, used 11372K [0x00000000eb600000, 0x00000000f0a80000, 0x0000000100000000)
  eden space 59904K, 0% used [0x00000000eb600000,0x00000000eb600000,0x00000000ef080000)
  from space 13312K, 85% used [0x00000000efd80000,0x00000000f089b0b8,0x00000000f0a80000)
  to   space 9216K, 0% used [0x00000000ef180000,0x00000000ef180000,0x00000000efa80000)
 ParOldGen       total 46080K, used 18987K [0x00000000c2200000, 0x00000000c4f00000, 0x00000000eb600000)
  object space 46080K, 41% used [0x00000000c2200000,0x00000000c348aee0,0x00000000c4f00000)
 Metaspace       used 34678K, capacity 35205K, committed 35496K, reserved 1081344K
  class space    used 4439K, capacity 4580K, committed 4656K, reserved 1048576K
}
Event: 7.275 GC heap before
{Heap before GC invocations=10 (full 2):
 PSYoungGen      total 73216K, used 11372K [0x00000000eb600000, 0x00000000f0a80000, 0x0000000100000000)
  eden space 59904K, 0% used [0x00000000eb600000,0x00000000eb600000,0x00000000ef080000)
  from space 13312K, 85% used [0x00000000efd80000,0x00000000f089b0b8,0x00000000f0a80000)
  to   space 9216K, 0% used [0x00000000ef180000,0x00000000ef180000,0x00000000efa80000)
 ParOldGen       total 46080K, used 18987K [0x00000000c2200000, 0x00000000c4f00000, 0x00000000eb600000)
  object space 46080K, 41% used [0x00000000c2200000,0x00000000c348aee0,0x00000000c4f00000)
 Metaspace       used 34678K, capacity 35205K, committed 35496K, reserved 1081344K
  class space    used 4439K, capacity 4580K, committed 4656K, reserved 1048576K
Event: 7.388 GC heap after
Heap after GC invocations=10 (full 2):
 PSYoungGen      total 73216K, used 0K [0x00000000eb600000, 0x00000000f0a80000, 0x0000000100000000)
  eden space 59904K, 0% used [0x00000000eb600000,0x00000000eb600000,0x00000000ef080000)
  from space 13312K, 0% used [0x00000000efd80000,0x00000000efd80000,0x00000000f0a80000)
  to   space 9216K, 0% used [0x00000000ef180000,0x00000000ef180000,0x00000000efa80000)
 ParOldGen       total 46080K, used 17208K [0x00000000c2200000, 0x00000000c4f00000, 0x00000000eb600000)
  object space 46080K, 37% used [0x00000000c2200000,0x00000000c32ce1a8,0x00000000c4f00000)
 Metaspace       used 34678K, capacity 35205K, committed 35496K, reserved 1081344K
  class space    used 4439K, capacity 4580K, committed 4656K, reserved 1048576K
}

