# JRE version: OpenJDK Runtime Environment (8.0_242-b01) (build 1.8.0_242-release-1644-b01)
# Java VM: OpenJDK 64-Bit Server VM (25.242-b01 mixed mode windows-amd64 compressed oops)
Heap:
 PSYoungGen      total 74752K, used 31400K [0x00000000eb600000, 0x00000000f2b00000, 0x0000000100000000)
  eden space 60928K, 51% used [0x00000000eb600000,0x00000000ed4aa0d0,0x00000000ef180000)
  from space 13824K, 0% used [0x00000000eff80000,0x00000000eff80000,0x00000000f0d00000)
  to   space 14336K, 0% used [0x00000000ef180000,0x00000000ef180000,0x00000000eff80000)
 ParOldGen       total 64512K, used 16462K [0x00000000c2200000, 0x00000000c6100000, 0x00000000eb600000)
  object space 64512K, 25% used [0x00000000c2200000,0x00000000c3213b60,0x00000000c6100000)
 Metaspace       used 37226K, capacity 37818K, committed 38192K, reserved 1083392K
  class space    used 4736K, capacity 4886K, committed 4912K, reserved 1048576K
GC Heap History (10 events):
Event: 3.622 GC heap before
{Heap before GC invocations=6 (full 1):
 PSYoungGen      total 34304K, used 2553K [0x00000000eb600000, 0x00000000f0500000, 0x0000000100000000)
  eden space 31744K, 0% used [0x00000000eb600000,0x00000000eb600000,0x00000000ed500000)
  from space 2560K, 99% used [0x00000000ed500000,0x00000000ed77e640,0x00000000ed780000)
  to   space 8704K, 0% used [0x00000000efc80000,0x00000000efc80000,0x00000000f0500000)
 ParOldGen       total 42496K, used 16274K [0x00000000c2200000, 0x00000000c4b80000, 0x00000000eb600000)
  object space 42496K, 38% used [0x00000000c2200000,0x00000000c31e49c0,0x00000000c4b80000)
 Metaspace       used 20868K, capacity 21236K, committed 21296K, reserved 1069056K
  class space    used 2447K, capacity 2590K, committed 2608K, reserved 1048576K
Event: 3.698 GC heap after
Heap after GC invocations=6 (full 1):
 PSYoungGen      total 34304K, used 0K [0x00000000eb600000, 0x00000000f0500000, 0x0000000100000000)
  eden space 31744K, 0% used [0x00000000eb600000,0x00000000eb600000,0x00000000ed500000)
  from space 2560K, 0% used [0x00000000ed500000,0x00000000ed500000,0x00000000ed780000)
  to   space 8704K, 0% used [0x00000000efc80000,0x00000000efc80000,0x00000000f0500000)
 ParOldGen       total 41984K, used 10008K [0x00000000c2200000, 0x00000000c4b00000, 0x00000000eb600000)
  object space 41984K, 23% used [0x00000000c2200000,0x00000000c2bc60d0,0x00000000c4b00000)
 Metaspace       used 20868K, capacity 21236K, committed 21296K, reserved 1069056K
  class space    used 2447K, capacity 2590K, committed 2608K, reserved 1048576K
}
Event: 4.824 GC heap before
{Heap before GC invocations=7 (full 1):
 PSYoungGen      total 34304K, used 31744K [0x00000000eb600000, 0x00000000f0500000, 0x0000000100000000)
  eden space 31744K, 100% used [0x00000000eb600000,0x00000000ed500000,0x00000000ed500000)
  from space 2560K, 0% used [0x00000000ed500000,0x00000000ed500000,0x00000000ed780000)
  to   space 8704K, 0% used [0x00000000efc80000,0x00000000efc80000,0x00000000f0500000)
 ParOldGen       total 41984K, used 10008K [0x00000000c2200000, 0x00000000c4b00000, 0x00000000eb600000)
  object space 41984K, 23% used [0x00000000c2200000,0x00000000c2bc60d0,0x00000000c4b00000)
 Metaspace       used 24918K, capacity 25426K, committed 25776K, reserved 1071104K
  class space    used 2972K, capacity 3125K, committed 3248K, reserved 1048576K
Event: 4.838 GC heap after
Heap after GC invocations=7 (full 1):
 PSYoungGen      total 52224K, used 7375K [0x00000000eb600000, 0x00000000f0400000, 0x0000000100000000)
  eden space 44544K, 0% used [0x00000000eb600000,0x00000000eb600000,0x00000000ee180000)
  from space 7680K, 96% used [0x00000000efc80000,0x00000000f03b3d38,0x00000000f0400000)
  to   space 9216K, 0% used [0x00000000ef200000,0x00000000ef200000,0x00000000efb00000)
 ParOldGen       total 41984K, used 10016K [0x00000000c2200000, 0x00000000c4b00000, 0x00000000eb600000)
  object space 41984K, 23% used [0x00000000c2200000,0x00000000c2bc80d0,0x00000000c4b00000)
 Metaspace       used 24918K, capacity 25426K, committed 25776K, reserved 1071104K
  class space    used 2972K, capacity 3125K, committed 3248K, reserved 1048576K
}
Event: 7.432 GC heap before
{Heap before GC invocations=8 (full 1):
 PSYoungGen      total 52224K, used 51919K [0x00000000eb600000, 0x00000000f0400000, 0x0000000100000000)
  eden space 44544K, 100% used [0x00000000eb600000,0x00000000ee180000,0x00000000ee180000)
  from space 7680K, 96% used [0x00000000efc80000,0x00000000f03b3d38,0x00000000f0400000)
  to   space 9216K, 0% used [0x00000000ef200000,0x00000000ef200000,0x00000000efb00000)
 ParOldGen       total 41984K, used 10016K [0x00000000c2200000, 0x00000000c4b00000, 0x00000000eb600000)
  object space 41984K, 23% used [0x00000000c2200000,0x00000000c2bc80d0,0x00000000c4b00000)
 Metaspace       used 32354K, capacity 32955K, committed 33328K, reserved 1079296K
  class space    used 4102K, capacity 4283K, committed 4400K, reserved 1048576K
Event: 7.453 GC heap after
Heap after GC invocations=8 (full 1):
 PSYoungGen      total 70656K, used 9207K [0x00000000eb600000, 0x00000000f0d00000, 0x0000000100000000)
  eden space 61440K, 0% used [0x00000000eb600000,0x00000000eb600000,0x00000000ef200000)
  from space 9216K, 99% used [0x00000000ef200000,0x00000000efafdc00,0x00000000efb00000)
  to   space 13824K, 0% used [0x00000000eff80000,0x00000000eff80000,0x00000000f0d00000)
 ParOldGen       total 41984K, used 16644K [0x00000000c2200000, 0x00000000c4b00000, 0x00000000eb600000)
  object space 41984K, 39% used [0x00000000c2200000,0x00000000c32412b8,0x00000000c4b00000)
 Metaspace       used 32354K, capacity 32955K, committed 33328K, reserved 1079296K
  class space    used 4102K, capacity 4283K, committed 4400K, reserved 1048576K
}
Event: 7.784 GC heap before
{Heap before GC invocations=9 (full 1):
 PSYoungGen      total 70656K, used 18989K [0x00000000eb600000, 0x00000000f0d00000, 0x0000000100000000)
  eden space 61440K, 15% used [0x00000000eb600000,0x00000000ebf8dae0,0x00000000ef200000)
  from space 9216K, 99% used [0x00000000ef200000,0x00000000efafdc00,0x00000000efb00000)
  to   space 13824K, 0% used [0x00000000eff80000,0x00000000eff80000,0x00000000f0d00000)
 ParOldGen       total 41984K, used 16644K [0x00000000c2200000, 0x00000000c4b00000, 0x00000000eb600000)
  object space 41984K, 39% used [0x00000000c2200000,0x00000000c32412b8,0x00000000c4b00000)
 Metaspace       used 34675K, capacity 35205K, committed 35496K, reserved 1081344K
  class space    used 4439K, capacity 4580K, committed 4656K, reserved 1048576K
Event: 7.797 GC heap after
Heap after GC invocations=9 (full 1):
 PSYoungGen      total 74752K, used 10630K [0x00000000eb600000, 0x00000000f2b00000, 0x0000000100000000)
  eden space 60928K, 0% used [0x00000000eb600000,0x00000000eb600000,0x00000000ef180000)
  from space 13824K, 76% used [0x00000000eff80000,0x00000000f09e1aa8,0x00000000f0d00000)
  to   space 14336K, 0% used [0x00000000ef180000,0x00000000ef180000,0x00000000eff80000)
 ParOldGen       total 41984K, used 16652K [0x00000000c2200000, 0x00000000c4b00000, 0x00000000eb600000)
  object space 41984K, 39% used [0x00000000c2200000,0x00000000c32432b8,0x00000000c4b00000)
 Metaspace       used 34675K, capacity 35205K, committed 35496K, reserved 1081344K
  class space    used 4439K, capacity 4580K, committed 4656K, reserved 1048576K
}
Event: 7.797 GC heap before
{Heap before GC invocations=10 (full 2):
 PSYoungGen      total 74752K, used 10630K [0x00000000eb600000, 0x00000000f2b00000, 0x0000000100000000)
  eden space 60928K, 0% used [0x00000000eb600000,0x00000000eb600000,0x00000000ef180000)
  from space 13824K, 76% used [0x00000000eff80000,0x00000000f09e1aa8,0x00000000f0d00000)
  to   space 14336K, 0% used [0x00000000ef180000,0x00000000ef180000,0x00000000eff80000)
 ParOldGen       total 41984K, used 16652K [0x00000000c2200000, 0x00000000c4b00000, 0x00000000eb600000)
  object space 41984K, 39% used [0x00000000c2200000,0x00000000c32432b8,0x00000000c4b00000)
 Metaspace       used 34675K, capacity 35205K, committed 35496K, reserved 1081344K
  class space    used 4439K, capacity 4580K, committed 4656K, reserved 1048576K
Event: 7.907 GC heap after
Heap after GC invocations=10 (full 2):
 PSYoungGen      total 74752K, used 0K [0x00000000eb600000, 0x00000000f2b00000, 0x0000000100000000)
  eden space 60928K, 0% used [0x00000000eb600000,0x00000000eb600000,0x00000000ef180000)
  from space 13824K, 0% used [0x00000000eff80000,0x00000000eff80000,0x00000000f0d00000)
  to   space 14336K, 0% used [0x00000000ef180000,0x00000000ef180000,0x00000000eff80000)
 ParOldGen       total 64512K, used 16462K [0x00000000c2200000, 0x00000000c6100000, 0x00000000eb600000)
  object space 64512K, 25% used [0x00000000c2200000,0x00000000c3213b60,0x00000000c6100000)
 Metaspace       used 34675K, capacity 35205K, committed 35496K, reserved 1081344K
  class space    used 4439K, capacity 4580K, committed 4656K, reserved 1048576K
}

