# JRE version: OpenJDK Runtime Environment (8.0_242-b01) (build 1.8.0_242-release-1644-b01)
# Java VM: OpenJDK 64-Bit Server VM (25.242-b01 mixed mode windows-amd64 compressed oops)
Heap:
 PSYoungGen      total 79872K, used 51328K [0x00000000eb600000, 0x00000000f2d00000, 0x0000000100000000)
  eden space 66048K, 77% used [0x00000000eb600000,0x00000000ee8202d8,0x00000000ef680000)
  from space 13824K, 0% used [0x00000000f0480000,0x00000000f0480000,0x00000000f1200000)
  to   space 14336K, 0% used [0x00000000ef680000,0x00000000ef680000,0x00000000f0480000)
 ParOldGen       total 64000K, used 16094K [0x00000000c2200000, 0x00000000c6080000, 0x00000000eb600000)
  object space 64000K, 25% used [0x00000000c2200000,0x00000000c31b7900,0x00000000c6080000)
 Metaspace       used 38542K, capacity 39154K, committed 39472K, reserved 1083392K
  class space    used 4882K, capacity 5054K, committed 5168K, reserved 1048576K
GC Heap History (10 events):
Event: 3.219 GC heap before
{Heap before GC invocations=6 (full 1):
 PSYoungGen      total 34304K, used 2555K [0x00000000eb600000, 0x00000000f0500000, 0x0000000100000000)
  eden space 31744K, 0% used [0x00000000eb600000,0x00000000eb600000,0x00000000ed500000)
  from space 2560K, 99% used [0x00000000ed500000,0x00000000ed77ee90,0x00000000ed780000)
  to   space 8704K, 0% used [0x00000000efc80000,0x00000000efc80000,0x00000000f0500000)
 ParOldGen       total 42496K, used 16326K [0x00000000c2200000, 0x00000000c4b80000, 0x00000000eb600000)
  object space 42496K, 38% used [0x00000000c2200000,0x00000000c31f1b60,0x00000000c4b80000)
 Metaspace       used 20827K, capacity 21240K, committed 21296K, reserved 1069056K
  class space    used 2451K, capacity 2590K, committed 2608K, reserved 1048576K
Event: 3.273 GC heap after
Heap after GC invocations=6 (full 1):
 PSYoungGen      total 34304K, used 0K [0x00000000eb600000, 0x00000000f0500000, 0x0000000100000000)
  eden space 31744K, 0% used [0x00000000eb600000,0x00000000eb600000,0x00000000ed500000)
  from space 2560K, 0% used [0x00000000ed500000,0x00000000ed500000,0x00000000ed780000)
  to   space 8704K, 0% used [0x00000000efc80000,0x00000000efc80000,0x00000000f0500000)
 ParOldGen       total 43520K, used 12876K [0x00000000c2200000, 0x00000000c4c80000, 0x00000000eb600000)
  object space 43520K, 29% used [0x00000000c2200000,0x00000000c2e93230,0x00000000c4c80000)
 Metaspace       used 20827K, capacity 21240K, committed 21296K, reserved 1069056K
  class space    used 2451K, capacity 2590K, committed 2608K, reserved 1048576K
}
Event: 4.927 GC heap before
{Heap before GC invocations=7 (full 1):
 PSYoungGen      total 34304K, used 31744K [0x00000000eb600000, 0x00000000f0500000, 0x0000000100000000)
  eden space 31744K, 100% used [0x00000000eb600000,0x00000000ed500000,0x00000000ed500000)
  from space 2560K, 0% used [0x00000000ed500000,0x00000000ed500000,0x00000000ed780000)
  to   space 8704K, 0% used [0x00000000efc80000,0x00000000efc80000,0x00000000f0500000)
 ParOldGen       total 43520K, used 12876K [0x00000000c2200000, 0x00000000c4c80000, 0x00000000eb600000)
  object space 43520K, 29% used [0x00000000c2200000,0x00000000c2e93230,0x00000000c4c80000)
 Metaspace       used 24908K, capacity 25426K, committed 25776K, reserved 1071104K
  class space    used 2976K, capacity 3125K, committed 3248K, reserved 1048576K
Event: 4.940 GC heap after
Heap after GC invocations=7 (full 1):
 PSYoungGen      total 53760K, used 7353K [0x00000000eb600000, 0x00000000f0400000, 0x0000000100000000)
  eden space 46080K, 0% used [0x00000000eb600000,0x00000000eb600000,0x00000000ee300000)
  from space 7680K, 95% used [0x00000000efc80000,0x00000000f03ae6b0,0x00000000f0400000)
  to   space 9216K, 0% used [0x00000000ef200000,0x00000000ef200000,0x00000000efb00000)
 ParOldGen       total 43520K, used 12884K [0x00000000c2200000, 0x00000000c4c80000, 0x00000000eb600000)
  object space 43520K, 29% used [0x00000000c2200000,0x00000000c2e95230,0x00000000c4c80000)
 Metaspace       used 24908K, capacity 25426K, committed 25776K, reserved 1071104K
  class space    used 2976K, capacity 3125K, committed 3248K, reserved 1048576K
}
Event: 6.327 GC heap before
{Heap before GC invocations=8 (full 1):
 PSYoungGen      total 53760K, used 53433K [0x00000000eb600000, 0x00000000f0400000, 0x0000000100000000)
  eden space 46080K, 100% used [0x00000000eb600000,0x00000000ee300000,0x00000000ee300000)
  from space 7680K, 95% used [0x00000000efc80000,0x00000000f03ae6b0,0x00000000f0400000)
  to   space 9216K, 0% used [0x00000000ef200000,0x00000000ef200000,0x00000000efb00000)
 ParOldGen       total 43520K, used 12884K [0x00000000c2200000, 0x00000000c4c80000, 0x00000000eb600000)
  object space 43520K, 29% used [0x00000000c2200000,0x00000000c2e95230,0x00000000c4c80000)
 Metaspace       used 32723K, capacity 33305K, committed 33584K, reserved 1079296K
  class space    used 4152K, capacity 4316K, committed 4400K, reserved 1048576K
Event: 6.346 GC heap after
Heap after GC invocations=8 (full 1):
 PSYoungGen      total 70656K, used 9188K [0x00000000eb600000, 0x00000000f1200000, 0x0000000100000000)
  eden space 61440K, 0% used [0x00000000eb600000,0x00000000eb600000,0x00000000ef200000)
  from space 9216K, 99% used [0x00000000ef200000,0x00000000efaf9130,0x00000000efb00000)
  to   space 13824K, 0% used [0x00000000f0480000,0x00000000f0480000,0x00000000f1200000)
 ParOldGen       total 43520K, used 20099K [0x00000000c2200000, 0x00000000c4c80000, 0x00000000eb600000)
  object space 43520K, 46% used [0x00000000c2200000,0x00000000c35a0e30,0x00000000c4c80000)
 Metaspace       used 32723K, capacity 33305K, committed 33584K, reserved 1079296K
  class space    used 4152K, capacity 4316K, committed 4400K, reserved 1048576K
}
Event: 6.794 GC heap before
{Heap before GC invocations=9 (full 1):
 PSYoungGen      total 70656K, used 16743K [0x00000000eb600000, 0x00000000f1200000, 0x0000000100000000)
  eden space 61440K, 12% used [0x00000000eb600000,0x00000000ebd60b20,0x00000000ef200000)
  from space 9216K, 99% used [0x00000000ef200000,0x00000000efaf9130,0x00000000efb00000)
  to   space 13824K, 0% used [0x00000000f0480000,0x00000000f0480000,0x00000000f1200000)
 ParOldGen       total 43520K, used 20099K [0x00000000c2200000, 0x00000000c4c80000, 0x00000000eb600000)
  object space 43520K, 46% used [0x00000000c2200000,0x00000000c35a0e30,0x00000000c4c80000)
 Metaspace       used 34686K, capacity 35233K, committed 35496K, reserved 1081344K
  class space    used 4444K, capacity 4612K, committed 4656K, reserved 1048576K
Event: 6.808 GC heap after
Heap after GC invocations=9 (full 1):
 PSYoungGen      total 79872K, used 10184K [0x00000000eb600000, 0x00000000f2d00000, 0x0000000100000000)
  eden space 66048K, 0% used [0x00000000eb600000,0x00000000eb600000,0x00000000ef680000)
  from space 13824K, 73% used [0x00000000f0480000,0x00000000f0e723b8,0x00000000f1200000)
  to   space 14336K, 0% used [0x00000000ef680000,0x00000000ef680000,0x00000000f0480000)
 ParOldGen       total 43520K, used 20107K [0x00000000c2200000, 0x00000000c4c80000, 0x00000000eb600000)
  object space 43520K, 46% used [0x00000000c2200000,0x00000000c35a2e30,0x00000000c4c80000)
 Metaspace       used 34686K, capacity 35233K, committed 35496K, reserved 1081344K
  class space    used 4444K, capacity 4612K, committed 4656K, reserved 1048576K
}
Event: 6.808 GC heap before
{Heap before GC invocations=10 (full 2):
 PSYoungGen      total 79872K, used 10184K [0x00000000eb600000, 0x00000000f2d00000, 0x0000000100000000)
  eden space 66048K, 0% used [0x00000000eb600000,0x00000000eb600000,0x00000000ef680000)
  from space 13824K, 73% used [0x00000000f0480000,0x00000000f0e723b8,0x00000000f1200000)
  to   space 14336K, 0% used [0x00000000ef680000,0x00000000ef680000,0x00000000f0480000)
 ParOldGen       total 43520K, used 20107K [0x00000000c2200000, 0x00000000c4c80000, 0x00000000eb600000)
  object space 43520K, 46% used [0x00000000c2200000,0x00000000c35a2e30,0x00000000c4c80000)
 Metaspace       used 34686K, capacity 35233K, committed 35496K, reserved 1081344K
  class space    used 4444K, capacity 4612K, committed 4656K, reserved 1048576K
Event: 6.935 GC heap after
Heap after GC invocations=10 (full 2):
 PSYoungGen      total 79872K, used 0K [0x00000000eb600000, 0x00000000f2d00000, 0x0000000100000000)
  eden space 66048K, 0% used [0x00000000eb600000,0x00000000eb600000,0x00000000ef680000)
  from space 13824K, 0% used [0x00000000f0480000,0x00000000f0480000,0x00000000f1200000)
  to   space 14336K, 0% used [0x00000000ef680000,0x00000000ef680000,0x00000000f0480000)
 ParOldGen       total 64000K, used 16094K [0x00000000c2200000, 0x00000000c6080000, 0x00000000eb600000)
  object space 64000K, 25% used [0x00000000c2200000,0x00000000c31b7900,0x00000000c6080000)
 Metaspace       used 34686K, capacity 35233K, committed 35496K, reserved 1081344K
  class space    used 4444K, capacity 4612K, committed 4656K, reserved 1048576K
}

